Streaming transaction logs mentioning BXxqMY3f9y7dzvoQWJjhX95GMEyuRjD61kgfgherhSX7. Confirmed commitment
Transaction executed in slot 11:
  Signature: 4ihVy4Z7ESmkxsqeKaB1qSVPVYhnXDU7sCSQ6fk8yrpnQ6Y1dd3yvC8fyibakuzE6zm1GnMVE3vMMu5o837RCt9M
  Status: Ok
  Log Messages:
    Program BXxqMY3f9y7dzvoQWJjhX95GMEyuRjD61kgfgherhSX7 invoke [1]
    Program log: Instruction: CreatePolicy
    Program 11111111111111111111111111111111 invoke [2]
    Program 11111111111111111111111111111111 success
    Program 11111111111111111111111111111111 invoke [2]
    Program 11111111111111111111111111111111 success
    Program 11111111111111111111111111111111 invoke [2]
    Program 11111111111111111111111111111111 success
    Program 11111111111111111111111111111111 invoke [2]
    Program 11111111111111111111111111111111 success
    Program ATokenGPvbdGVxr1b2hvZbsiqW5xWH25efTNsLJA8knL invoke [2]
    Program log: Create
    Program TokenkegQfeZyiNwAJbNbGKPFXCWuBvf9Ss623VQ5DA invoke [3]
    Program log: Instruction: GetAccountDataSize
    Program TokenkegQfeZyiNwAJbNbGKPFXCWuBvf9Ss623VQ5DA consumed 1595 of 152633 compute units
    Program return: TokenkegQfeZyiNwAJbNbGKPFXCWuBvf9Ss623VQ5DA pQAAAAAAAAA=
    Program TokenkegQfeZyiNwAJbNbGKPFXCWuBvf9Ss623VQ5DA success
    Program 11111111111111111111111111111111 invoke [3]
    Program 11111111111111111111111111111111 success
    Program log: Initialize the associated token account
    Program TokenkegQfeZyiNwAJbNbGKPFXCWuBvf9Ss623VQ5DA invoke [3]
    Program log: Instruction: InitializeImmutableOwner
    Program log: Please upgrade to SPL Token 2022 for immutable owner support
    Program TokenkegQfeZyiNwAJbNbGKPFXCWuBvf9Ss623VQ5DA consumed 1405 of 146020 compute units
    Program TokenkegQfeZyiNwAJbNbGKPFXCWuBvf9Ss623VQ5DA success
    Program TokenkegQfeZyiNwAJbNbGKPFXCWuBvf9Ss623VQ5DA invoke [3]
    Program log: Instruction: InitializeAccount3
    Program TokenkegQfeZyiNwAJbNbGKPFXCWuBvf9Ss623VQ5DA consumed 4214 of 142136 compute units
    Program TokenkegQfeZyiNwAJbNbGKPFXCWuBvf9Ss623VQ5DA success
    Program ATokenGPvbdGVxr1b2hvZbsiqW5xWH25efTNsLJA8knL consumed 23490 of 161108 compute units
    Program ATokenGPvbdGVxr1b2hvZbsiqW5xWH25efTNsLJA8knL success
    Program BXxqMY3f9y7dzvoQWJjhX95GMEyuRjD61kgfgherhSX7 consumed 67537 of 200000 compute units
    Program BXxqMY3f9y7dzvoQWJjhX95GMEyuRjD61kgfgherhSX7 success
Transaction executed in slot 12:
  Signature: 4Tsfm213zcUe664m7S9Sn6aMHGwG5ffHRZngUD7bwmcpTBs6J2u1vBrCrZv5oQcQ6zFAY4b8s3qag7pvo1TVGGej
  Status: Ok
  Log Messages:
    Program BXxqMY3f9y7dzvoQWJjhX95GMEyuRjD61kgfgherhSX7 invoke [1]
    Program log: Instruction: OpenUnderwriting
    Program BXxqMY3f9y7dzvoQWJjhX95GMEyuRjD61kgfgherhSX7 consumed 6801 of 200000 compute units
    Program BXxqMY3f9y7dzvoQWJjhX95GMEyuRjD61kgfgherhSX7 success
Transaction executed in slot 13:
  Signature: 5Y6ytSuaxVwu8pDkt7rBG6NpTzbQUqCT4vab7ukHBjjt9t85RSEKtqwebnbsseSQoaaivJE3p7RdkCPvR8swoMRq
  Status: Ok
  Log Messages:
    Program BXxqMY3f9y7dzvoQWJjhX95GMEyuRjD61kgfgherhSX7 invoke [1]
    Program log: Instruction: AcceptShare
    Program TokenkegQfeZyiNwAJbNbGKPFXCWuBvf9Ss623VQ5DA invoke [2]
    Program log: Instruction: Transfer
    Program TokenkegQfeZyiNwAJbNbGKPFXCWuBvf9Ss623VQ5DA consumed 4645 of 189110 compute units
    Program TokenkegQfeZyiNwAJbNbGKPFXCWuBvf9Ss623VQ5DA success
    Program BXxqMY3f9y7dzvoQWJjhX95GMEyuRjD61kgfgherhSX7 consumed 18522 of 200000 compute units
    Program BXxqMY3f9y7dzvoQWJjhX95GMEyuRjD61kgfgherhSX7 success
Transaction executed in slot 14:
  Signature: 2FE3SefsuMGQ5m9y4rDaRaDQcGvUXzBkTEgeKMUsPQtkQS1fEuyUioXTaMDXWtihx2rUTpXdnWFnqZ62mbBDcyF6
  Status: Ok
  Log Messages:
    Program BXxqMY3f9y7dzvoQWJjhX95GMEyuRjD61kgfgherhSX7 invoke [1]
    Program log: Instruction: AcceptShare
    Program TokenkegQfeZyiNwAJbNbGKPFXCWuBvf9Ss623VQ5DA invoke [2]
    Program log: Instruction: Transfer
    Program TokenkegQfeZyiNwAJbNbGKPFXCWuBvf9Ss623VQ5DA consumed 4645 of 189110 compute units
    Program TokenkegQfeZyiNwAJbNbGKPFXCWuBvf9Ss623VQ5DA success
    Program BXxqMY3f9y7dzvoQWJjhX95GMEyuRjD61kgfgherhSX7 consumed 18533 of 200000 compute units
    Program BXxqMY3f9y7dzvoQWJjhX95GMEyuRjD61kgfgherhSX7 success
Transaction executed in slot 15:
  Signature: 8c3xBwWue8Ga5QKyT3oeLroKX6xxSJAuu6oMHzrGhST9UkEqm4oFBpAetYoA3iGNtGQoRcrvTzh3HbefvM3Uahv
  Status: Ok
  Log Messages:
    Program BXxqMY3f9y7dzvoQWJjhX95GMEyuRjD61kgfgherhSX7 invoke [1]
    Program log: Instruction: ActivatePolicy
    Program BXxqMY3f9y7dzvoQWJjhX95GMEyuRjD61kgfgherhSX7 consumed 3414 of 200000 compute units
    Program BXxqMY3f9y7dzvoQWJjhX95GMEyuRjD61kgfgherhSX7 success
Transaction executed in slot 16:
  Signature: 4ZedHKbtULGebwF5TrATMVJt9NWPo5kKQsojAk3WqakMuSVDC9CUZJThQTLmpWhpz9gkjRbZv3dJm2rwGqo52u1N
  Status: Ok
  Log Messages:
    Program BXxqMY3f9y7dzvoQWJjhX95GMEyuRjD61kgfgherhSX7 invoke [1]
    Program log: Instruction: ExpirePolicy
    Program BXxqMY3f9y7dzvoQWJjhX95GMEyuRjD61kgfgherhSX7 consumed 3045 of 200000 compute units
    Program BXxqMY3f9y7dzvoQWJjhX95GMEyuRjD61kgfgherhSX7 success
Transaction executed in slot 17:
  Signature: ziRt5VtZxbJTozoBLUNrzJukSuogeXfQhbePZ7p3LpZ8gqwPB7BQB7Go92xj6QcMD2FjAjEE9N348HtWrMHWTWD
  Status: Ok
  Log Messages:
    Program BXxqMY3f9y7dzvoQWJjhX95GMEyuRjD61kgfgherhSX7 invoke [1]
    Program log: Instruction: RefundAfterExpiry
    Program TokenkegQfeZyiNwAJbNbGKPFXCWuBvf9Ss623VQ5DA invoke [2]
    Program log: Instruction: Transfer
    Program TokenkegQfeZyiNwAJbNbGKPFXCWuBvf9Ss623VQ5DA consumed 4645 of 189273 compute units
    Program TokenkegQfeZyiNwAJbNbGKPFXCWuBvf9Ss623VQ5DA success
    Program BXxqMY3f9y7dzvoQWJjhX95GMEyuRjD61kgfgherhSX7 consumed 18296 of 200000 compute units
    Program BXxqMY3f9y7dzvoQWJjhX95GMEyuRjD61kgfgherhSX7 success
Transaction executed in slot 17:
  Signature: 3Kwte9zmwDsuo3NG65dVMnceWpqWR3ExB69sJrpBj76WGRGCvpbDv6b7wjeyes4yhfqBJBS6GsibUaqrQfzS6fWg
  Status: Ok
  Log Messages:
    Program BXxqMY3f9y7dzvoQWJjhX95GMEyuRjD61kgfgherhSX7 invoke [1]
    Program log: Instruction: RefundAfterExpiry
    Program TokenkegQfeZyiNwAJbNbGKPFXCWuBvf9Ss623VQ5DA invoke [2]
    Program log: Instruction: Transfer
    Program TokenkegQfeZyiNwAJbNbGKPFXCWuBvf9Ss623VQ5DA consumed 4645 of 189273 compute units
    Program TokenkegQfeZyiNwAJbNbGKPFXCWuBvf9Ss623VQ5DA success
    Program BXxqMY3f9y7dzvoQWJjhX95GMEyuRjD61kgfgherhSX7 consumed 18296 of 200000 compute units
    Program BXxqMY3f9y7dzvoQWJjhX95GMEyuRjD61kgfgherhSX7 success
Transaction executed in slot 18:
  Signature: 3Kwte9zmwDsuo3NG65dVMnceWpqWR3ExB69sJrpBj76WGRGCvpbDv6b7wjeyes4yhfqBJBS6GsibUaqrQfzS6fWg
  Status: Ok
  Log Messages:
    Program BXxqMY3f9y7dzvoQWJjhX95GMEyuRjD61kgfgherhSX7 invoke [1]
    Program log: Instruction: RefundAfterExpiry
    Program TokenkegQfeZyiNwAJbNbGKPFXCWuBvf9Ss623VQ5DA invoke [2]
    Program log: Instruction: Transfer
    Program TokenkegQfeZyiNwAJbNbGKPFXCWuBvf9Ss623VQ5DA consumed 4645 of 189273 compute units
    Program TokenkegQfeZyiNwAJbNbGKPFXCWuBvf9Ss623VQ5DA success
    Program BXxqMY3f9y7dzvoQWJjhX95GMEyuRjD61kgfgherhSX7 consumed 18296 of 200000 compute units
    Program BXxqMY3f9y7dzvoQWJjhX95GMEyuRjD61kgfgherhSX7 success
Transaction executed in slot 19:
  Signature: ige8u61qiCM3PfZyo4s44wx6V3LtuF7k6WGuCPUu5y7xKtSPbfbBjj7kUU1NMSDEJc723VZvL5PN7JU1iZ5GV2D
  Status: Ok
  Log Messages:
    Program BXxqMY3f9y7dzvoQWJjhX95GMEyuRjD61kgfgherhSX7 invoke [1]
    Program log: Instruction: CreatePolicy
    Program 11111111111111111111111111111111 invoke [2]
    Program 11111111111111111111111111111111 success
    Program 11111111111111111111111111111111 invoke [2]
    Program 11111111111111111111111111111111 success
    Program 11111111111111111111111111111111 invoke [2]
    Program 11111111111111111111111111111111 success
    Program 11111111111111111111111111111111 invoke [2]
    Program 11111111111111111111111111111111 success
    Program ATokenGPvbdGVxr1b2hvZbsiqW5xWH25efTNsLJA8knL invoke [2]
    Program log: Create
    Program TokenkegQfeZyiNwAJbNbGKPFXCWuBvf9Ss623VQ5DA invoke [3]
    Program log: Instruction: GetAccountDataSize
    Program TokenkegQfeZyiNwAJbNbGKPFXCWuBvf9Ss623VQ5DA consumed 1595 of 157133 compute units
    Program return: TokenkegQfeZyiNwAJbNbGKPFXCWuBvf9Ss623VQ5DA pQAAAAAAAAA=
    Program TokenkegQfeZyiNwAJbNbGKPFXCWuBvf9Ss623VQ5DA success
    Program 11111111111111111111111111111111 invoke [3]
    Program 11111111111111111111111111111111 success
    Program log: Initialize the associated token account
    Program TokenkegQfeZyiNwAJbNbGKPFXCWuBvf9Ss623VQ5DA invoke [3]
    Program log: Instruction: InitializeImmutableOwner
    Program log: Please upgrade to SPL Token 2022 for immutable owner support
    Program TokenkegQfeZyiNwAJbNbGKPFXCWuBvf9Ss623VQ5DA consumed 1405 of 150520 compute units
    Program TokenkegQfeZyiNwAJbNbGKPFXCWuBvf9Ss623VQ5DA success
    Program TokenkegQfeZyiNwAJbNbGKPFXCWuBvf9Ss623VQ5DA invoke [3]
    Program log: Instruction: InitializeAccount3
    Program TokenkegQfeZyiNwAJbNbGKPFXCWuBvf9Ss623VQ5DA consumed 4214 of 146636 compute units
    Program TokenkegQfeZyiNwAJbNbGKPFXCWuBvf9Ss623VQ5DA success
    Program ATokenGPvbdGVxr1b2hvZbsiqW5xWH25efTNsLJA8knL consumed 20490 of 162608 compute units
    Program ATokenGPvbdGVxr1b2hvZbsiqW5xWH25efTNsLJA8knL success
    Program BXxqMY3f9y7dzvoQWJjhX95GMEyuRjD61kgfgherhSX7 consumed 63037 of 200000 compute units
    Program BXxqMY3f9y7dzvoQWJjhX95GMEyuRjD61kgfgherhSX7 success
Transaction executed in slot 19:
  Signature: 5VPNMrgEiZ7RnyNHSAHCBh3vrfD5uwG3J7HqWgXCdnG78KtsmPFvDFyPk3YknnY6Ff8gaTZSrG1PW4vX4DxDFM7A
  Status: Ok
  Log Messages:
    Program BXxqMY3f9y7dzvoQWJjhX95GMEyuRjD61kgfgherhSX7 invoke [1]
    Program log: Instruction: OpenUnderwriting
    Program BXxqMY3f9y7dzvoQWJjhX95GMEyuRjD61kgfgherhSX7 consumed 6801 of 200000 compute units
    Program BXxqMY3f9y7dzvoQWJjhX95GMEyuRjD61kgfgherhSX7 success
Transaction executed in slot 20:
  Signature: 5VPNMrgEiZ7RnyNHSAHCBh3vrfD5uwG3J7HqWgXCdnG78KtsmPFvDFyPk3YknnY6Ff8gaTZSrG1PW4vX4DxDFM7A
  Status: Ok
  Log Messages:
    Program BXxqMY3f9y7dzvoQWJjhX95GMEyuRjD61kgfgherhSX7 invoke [1]
    Program log: Instruction: OpenUnderwriting
    Program BXxqMY3f9y7dzvoQWJjhX95GMEyuRjD61kgfgherhSX7 consumed 6801 of 200000 compute units
    Program BXxqMY3f9y7dzvoQWJjhX95GMEyuRjD61kgfgherhSX7 success
Transaction executed in slot 21:
  Signature: 5aghnapRg3Qv69empweCwJSG67PAMisWNCBYvwsy76HAQBdZHNikbFLuMs9r2WeLtfY8UHSfJWr1WEEDxog5i3yG
  Status: Ok
  Log Messages:
    Program BXxqMY3f9y7dzvoQWJjhX95GMEyuRjD61kgfgherhSX7 invoke [1]
    Program log: Instruction: RejectShare
    Program BXxqMY3f9y7dzvoQWJjhX95GMEyuRjD61kgfgherhSX7 consumed 6733 of 200000 compute units
    Program BXxqMY3f9y7dzvoQWJjhX95GMEyuRjD61kgfgherhSX7 success
Transaction executed in slot 22:
  Signature: 5KkaBbx3XVB3xPUgybfxrHmT4p7bWYTJ9JSMdwGEVN7iKiB5RTdvo9p8tMgALs4miit13VKcjRYJeXHg6R44bRN7
  Status: Ok
  Log Messages:
    Program BXxqMY3f9y7dzvoQWJjhX95GMEyuRjD61kgfgherhSX7 invoke [1]
    Program log: Instruction: CreatePolicy
    Program 11111111111111111111111111111111 invoke [2]
    Program 11111111111111111111111111111111 success
    Program 11111111111111111111111111111111 invoke [2]
    Program 11111111111111111111111111111111 success
    Program 11111111111111111111111111111111 invoke [2]
    Program 11111111111111111111111111111111 success
    Program 11111111111111111111111111111111 invoke [2]
    Program 11111111111111111111111111111111 success
    Program ATokenGPvbdGVxr1b2hvZbsiqW5xWH25efTNsLJA8knL invoke [2]
    Program log: Create
    Program TokenkegQfeZyiNwAJbNbGKPFXCWuBvf9Ss623VQ5DA invoke [3]
    Program log: Instruction: GetAccountDataSize
    Program TokenkegQfeZyiNwAJbNbGKPFXCWuBvf9Ss623VQ5DA consumed 1595 of 146774 compute units
    Program return: TokenkegQfeZyiNwAJbNbGKPFXCWuBvf9Ss623VQ5DA pQAAAAAAAAA=
    Program TokenkegQfeZyiNwAJbNbGKPFXCWuBvf9Ss623VQ5DA success
    Program 11111111111111111111111111111111 invoke [3]
    Program 11111111111111111111111111111111 success
    Program log: Initialize the associated token account
    Program TokenkegQfeZyiNwAJbNbGKPFXCWuBvf9Ss623VQ5DA invoke [3]
    Program log: Instruction: InitializeImmutableOwner
    Program log: Please upgrade to SPL Token 2022 for immutable owner support
    Program TokenkegQfeZyiNwAJbNbGKPFXCWuBvf9Ss623VQ5DA consumed 1405 of 140161 compute units
    Program TokenkegQfeZyiNwAJbNbGKPFXCWuBvf9Ss623VQ5DA success
    Program TokenkegQfeZyiNwAJbNbGKPFXCWuBvf9Ss623VQ5DA invoke [3]
    Program log: Instruction: InitializeAccount3
    Program TokenkegQfeZyiNwAJbNbGKPFXCWuBvf9Ss623VQ5DA consumed 4214 of 136277 compute units
    Program TokenkegQfeZyiNwAJbNbGKPFXCWuBvf9Ss623VQ5DA success
    Program ATokenGPvbdGVxr1b2hvZbsiqW5xWH25efTNsLJA8knL consumed 23490 of 155249 compute units
    Program ATokenGPvbdGVxr1b2hvZbsiqW5xWH25efTNsLJA8knL success
    Program BXxqMY3f9y7dzvoQWJjhX95GMEyuRjD61kgfgherhSX7 consumed 73083 of 200000 compute units
    Program BXxqMY3f9y7dzvoQWJjhX95GMEyuRjD61kgfgherhSX7 success
Transaction executed in slot 22:
  Signature: 2AVr9d91FrssAaotJ2qf1xrCheiDeUUBorQtBKyBCN3wgpoyXvWaXarfVkBAjugQERqt6thTNWugxca3pCUuyosc
  Status: Ok
  Log Messages:
    Program BXxqMY3f9y7dzvoQWJjhX95GMEyuRjD61kgfgherhSX7 invoke [1]
    Program log: Instruction: RegisterPolicyholder
    Program 11111111111111111111111111111111 invoke [2]
    Program 11111111111111111111111111111111 success
    Program BXxqMY3f9y7dzvoQWJjhX95GMEyuRjD61kgfgherhSX7 consumed 10404 of 200000 compute units
    Program BXxqMY3f9y7dzvoQWJjhX95GMEyuRjD61kgfgherhSX7 success
Transaction executed in slot 23:
  Signature: 2AVr9d91FrssAaotJ2qf1xrCheiDeUUBorQtBKyBCN3wgpoyXvWaXarfVkBAjugQERqt6thTNWugxca3pCUuyosc
  Status: Ok
  Log Messages:
    Program BXxqMY3f9y7dzvoQWJjhX95GMEyuRjD61kgfgherhSX7 invoke [1]
    Program log: Instruction: RegisterPolicyholder
    Program 11111111111111111111111111111111 invoke [2]
    Program 11111111111111111111111111111111 success
    Program BXxqMY3f9y7dzvoQWJjhX95GMEyuRjD61kgfgherhSX7 consumed 10404 of 200000 compute units
    Program BXxqMY3f9y7dzvoQWJjhX95GMEyuRjD61kgfgherhSX7 success
Transaction executed in slot 24:
  Signature: 32xjFwiciiyPEbQeWDkvDd2x6NEoN5T83KN1VwyAnsNEef4e3qvGguWov1KGx5SmkPSEagUuzKcxcfecd8vrgm4a
  Status: Ok
  Log Messages:
    Program BXxqMY3f9y7dzvoQWJjhX95GMEyuRjD61kgfgherhSX7 invoke [1]
    Program log: Instruction: RegisterPolicyholder
    Program 11111111111111111111111111111111 invoke [2]
    Program 11111111111111111111111111111111 success
    Program BXxqMY3f9y7dzvoQWJjhX95GMEyuRjD61kgfgherhSX7 consumed 11596 of 200000 compute units
    Program BXxqMY3f9y7dzvoQWJjhX95GMEyuRjD61kgfgherhSX7 success
Transaction executed in slot 24:
  Signature: 5fSKs7Zgu21WgJ7rqsYPfcAcKHeyXfBoDvb6T4Zaq2KPSG1zJUpddSaLDY7WmiPMaFL7vd7QtWSArdkcaMSud43n
  Status: Ok
  Log Messages:
    Program BXxqMY3f9y7dzvoQWJjhX95GMEyuRjD61kgfgherhSX7 invoke [1]
    Program log: Instruction: CreateMasterPolicy
    Program 11111111111111111111111111111111 invoke [2]
    Program 11111111111111111111111111111111 success
    Program 11111111111111111111111111111111 invoke [2]
    Program 11111111111111111111111111111111 success
    Program TokenkegQfeZyiNwAJbNbGKPFXCWuBvf9Ss623VQ5DA invoke [2]
    Program log: Instruction: InitializeAccount3
    Program TokenkegQfeZyiNwAJbNbGKPFXCWuBvf9Ss623VQ5DA consumed 4214 of 183188 compute units
    Program TokenkegQfeZyiNwAJbNbGKPFXCWuBvf9Ss623VQ5DA success
    Program 11111111111111111111111111111111 invoke [2]
    Program 11111111111111111111111111111111 success
    Program TokenkegQfeZyiNwAJbNbGKPFXCWuBvf9Ss623VQ5DA invoke [2]
    Program log: Instruction: InitializeAccount3
    Program TokenkegQfeZyiNwAJbNbGKPFXCWuBvf9Ss623VQ5DA consumed 4214 of 171156 compute units
    Program TokenkegQfeZyiNwAJbNbGKPFXCWuBvf9Ss623VQ5DA success
    Program ATokenGPvbdGVxr1b2hvZbsiqW5xWH25efTNsLJA8knL invoke [2]
    Program log: Create
    Program TokenkegQfeZyiNwAJbNbGKPFXCWuBvf9Ss623VQ5DA invoke [3]
    Program log: Instruction: GetAccountDataSize
    Program TokenkegQfeZyiNwAJbNbGKPFXCWuBvf9Ss623VQ5DA consumed 1595 of 155258 compute units
    Program return: TokenkegQfeZyiNwAJbNbGKPFXCWuBvf9Ss623VQ5DA pQAAAAAAAAA=
    Program TokenkegQfeZyiNwAJbNbGKPFXCWuBvf9Ss623VQ5DA success
    Program 11111111111111111111111111111111 invoke [3]
    Program 11111111111111111111111111111111 success
    Program log: Initialize the associated token account
    Program TokenkegQfeZyiNwAJbNbGKPFXCWuBvf9Ss623VQ5DA invoke [3]
    Program log: Instruction: InitializeImmutableOwner
    Program log: Please upgrade to SPL Token 2022 for immutable owner support
    Program TokenkegQfeZyiNwAJbNbGKPFXCWuBvf9Ss623VQ5DA consumed 1405 of 148645 compute units
    Program TokenkegQfeZyiNwAJbNbGKPFXCWuBvf9Ss623VQ5DA success
    Program TokenkegQfeZyiNwAJbNbGKPFXCWuBvf9Ss623VQ5DA invoke [3]
    Program log: Instruction: InitializeAccount3
    Program TokenkegQfeZyiNwAJbNbGKPFXCWuBvf9Ss623VQ5DA consumed 4214 of 144761 compute units
    Program TokenkegQfeZyiNwAJbNbGKPFXCWuBvf9Ss623VQ5DA success
    Program ATokenGPvbdGVxr1b2hvZbsiqW5xWH25efTNsLJA8knL consumed 20490 of 160733 compute units
    Program ATokenGPvbdGVxr1b2hvZbsiqW5xWH25efTNsLJA8knL success
    Program BXxqMY3f9y7dzvoQWJjhX95GMEyuRjD61kgfgherhSX7 consumed 65782 of 200000 compute units
    Program BXxqMY3f9y7dzvoQWJjhX95GMEyuRjD61kgfgherhSX7 success
Transaction executed in slot 25:
  Signature: 5fSKs7Zgu21WgJ7rqsYPfcAcKHeyXfBoDvb6T4Zaq2KPSG1zJUpddSaLDY7WmiPMaFL7vd7QtWSArdkcaMSud43n
  Status: Ok
  Log Messages:
    Program BXxqMY3f9y7dzvoQWJjhX95GMEyuRjD61kgfgherhSX7 invoke [1]
    Program log: Instruction: CreateMasterPolicy
    Program 11111111111111111111111111111111 invoke [2]
    Program 11111111111111111111111111111111 success
    Program 11111111111111111111111111111111 invoke [2]
    Program 11111111111111111111111111111111 success
    Program TokenkegQfeZyiNwAJbNbGKPFXCWuBvf9Ss623VQ5DA invoke [2]
    Program log: Instruction: InitializeAccount3
    Program TokenkegQfeZyiNwAJbNbGKPFXCWuBvf9Ss623VQ5DA consumed 4214 of 183188 compute units
    Program TokenkegQfeZyiNwAJbNbGKPFXCWuBvf9Ss623VQ5DA success
    Program 11111111111111111111111111111111 invoke [2]
    Program 11111111111111111111111111111111 success
    Program TokenkegQfeZyiNwAJbNbGKPFXCWuBvf9Ss623VQ5DA invoke [2]
    Program log: Instruction: InitializeAccount3
    Program TokenkegQfeZyiNwAJbNbGKPFXCWuBvf9Ss623VQ5DA consumed 4214 of 171156 compute units
    Program TokenkegQfeZyiNwAJbNbGKPFXCWuBvf9Ss623VQ5DA success
    Program ATokenGPvbdGVxr1b2hvZbsiqW5xWH25efTNsLJA8knL invoke [2]
    Program log: Create
    Program TokenkegQfeZyiNwAJbNbGKPFXCWuBvf9Ss623VQ5DA invoke [3]
    Program log: Instruction: GetAccountDataSize
    Program TokenkegQfeZyiNwAJbNbGKPFXCWuBvf9Ss623VQ5DA consumed 1595 of 155258 compute units
    Program return: TokenkegQfeZyiNwAJbNbGKPFXCWuBvf9Ss623VQ5DA pQAAAAAAAAA=
    Program TokenkegQfeZyiNwAJbNbGKPFXCWuBvf9Ss623VQ5DA success
    Program 11111111111111111111111111111111 invoke [3]
    Program 11111111111111111111111111111111 success
    Program log: Initialize the associated token account
    Program TokenkegQfeZyiNwAJbNbGKPFXCWuBvf9Ss623VQ5DA invoke [3]
    Program log: Instruction: InitializeImmutableOwner
    Program log: Please upgrade to SPL Token 2022 for immutable owner support
    Program TokenkegQfeZyiNwAJbNbGKPFXCWuBvf9Ss623VQ5DA consumed 1405 of 148645 compute units
    Program TokenkegQfeZyiNwAJbNbGKPFXCWuBvf9Ss623VQ5DA success
    Program TokenkegQfeZyiNwAJbNbGKPFXCWuBvf9Ss623VQ5DA invoke [3]
    Program log: Instruction: InitializeAccount3
    Program TokenkegQfeZyiNwAJbNbGKPFXCWuBvf9Ss623VQ5DA consumed 4214 of 144761 compute units
    Program TokenkegQfeZyiNwAJbNbGKPFXCWuBvf9Ss623VQ5DA success
    Program ATokenGPvbdGVxr1b2hvZbsiqW5xWH25efTNsLJA8knL consumed 20490 of 160733 compute units
    Program ATokenGPvbdGVxr1b2hvZbsiqW5xWH25efTNsLJA8knL success
    Program BXxqMY3f9y7dzvoQWJjhX95GMEyuRjD61kgfgherhSX7 consumed 65782 of 200000 compute units
    Program BXxqMY3f9y7dzvoQWJjhX95GMEyuRjD61kgfgherhSX7 success
Transaction executed in slot 26:
  Signature: gWL4cGyRkG8uN8sdNkpcD8zvKsFPhGK69asrLT9QqbnKAvsJxK326xKy7bFCTNhD5nVYuYAePBuBwW6HJuftNXv
  Status: Ok
  Log Messages:
    Program BXxqMY3f9y7dzvoQWJjhX95GMEyuRjD61kgfgherhSX7 invoke [1]
    Program log: Instruction: RegisterParticipantWallets
    Program 11111111111111111111111111111111 invoke [2]
    Program 11111111111111111111111111111111 success
    Program TokenkegQfeZyiNwAJbNbGKPFXCWuBvf9Ss623VQ5DA invoke [2]
    Program log: Instruction: InitializeAccount3
    Program TokenkegQfeZyiNwAJbNbGKPFXCWuBvf9Ss623VQ5DA consumed 4214 of 183387 compute units
    Program TokenkegQfeZyiNwAJbNbGKPFXCWuBvf9Ss623VQ5DA success
    Program ATokenGPvbdGVxr1b2hvZbsiqW5xWH25efTNsLJA8knL invoke [2]
    Program log: Create
    Program TokenkegQfeZyiNwAJbNbGKPFXCWuBvf9Ss623VQ5DA invoke [3]
    Program log: Instruction: GetAccountDataSize
    Program TokenkegQfeZyiNwAJbNbGKPFXCWuBvf9Ss623VQ5DA consumed 1595 of 167628 compute units
    Program return: TokenkegQfeZyiNwAJbNbGKPFXCWuBvf9Ss623VQ5DA pQAAAAAAAAA=
    Program TokenkegQfeZyiNwAJbNbGKPFXCWuBvf9Ss623VQ5DA success
    Program 11111111111111111111111111111111 invoke [3]
    Program 11111111111111111111111111111111 success
    Program log: Initialize the associated token account
    Program TokenkegQfeZyiNwAJbNbGKPFXCWuBvf9Ss623VQ5DA invoke [3]
    Program log: Instruction: InitializeImmutableOwner
    Program log: Please upgrade to SPL Token 2022 for immutable owner support
    Program TokenkegQfeZyiNwAJbNbGKPFXCWuBvf9Ss623VQ5DA consumed 1405 of 161015 compute units
    Program TokenkegQfeZyiNwAJbNbGKPFXCWuBvf9Ss623VQ5DA success
    Program TokenkegQfeZyiNwAJbNbGKPFXCWuBvf9Ss623VQ5DA invoke [3]
    Program log: Instruction: InitializeAccount3
    Program TokenkegQfeZyiNwAJbNbGKPFXCWuBvf9Ss623VQ5DA consumed 4214 of 157133 compute units
    Program TokenkegQfeZyiNwAJbNbGKPFXCWuBvf9Ss623VQ5DA success
    Program ATokenGPvbdGVxr1b2hvZbsiqW5xWH25efTNsLJA8knL consumed 20389 of 173025 compute units
    Program ATokenGPvbdGVxr1b2hvZbsiqW5xWH25efTNsLJA8knL success
    Program BXxqMY3f9y7dzvoQWJjhX95GMEyuRjD61kgfgherhSX7 consumed 52739 of 200000 compute units
    Program BXxqMY3f9y7dzvoQWJjhX95GMEyuRjD61kgfgherhSX7 success
Transaction executed in slot 27:
  Signature: 65GZZ5chHqbBCNLCd6bWJ5cEVREDBpVq9bZ9T3nZufoV9ksjreRmvkjedGkUdWhMmhwZGfB6T14Uegu8iXHNvXn2
  Status: Ok
  Log Messages:
    Program BXxqMY3f9y7dzvoQWJjhX95GMEyuRjD61kgfgherhSX7 invoke [1]
    Program log: Instruction: RegisterParticipantWallets
    Program 11111111111111111111111111111111 invoke [2]
    Program 11111111111111111111111111111111 success
    Program TokenkegQfeZyiNwAJbNbGKPFXCWuBvf9Ss623VQ5DA invoke [2]
    Program log: Instruction: InitializeAccount3
    Program TokenkegQfeZyiNwAJbNbGKPFXCWuBvf9Ss623VQ5DA consumed 4214 of 189387 compute units
    Program TokenkegQfeZyiNwAJbNbGKPFXCWuBvf9Ss623VQ5DA success
    Program ATokenGPvbdGVxr1b2hvZbsiqW5xWH25efTNsLJA8knL invoke [2]
    Program log: Create
    Program TokenkegQfeZyiNwAJbNbGKPFXCWuBvf9Ss623VQ5DA invoke [3]
    Program log: Instruction: GetAccountDataSize
    Program TokenkegQfeZyiNwAJbNbGKPFXCWuBvf9Ss623VQ5DA consumed 1595 of 173628 compute units
    Program return: TokenkegQfeZyiNwAJbNbGKPFXCWuBvf9Ss623VQ5DA pQAAAAAAAAA=
    Program TokenkegQfeZyiNwAJbNbGKPFXCWuBvf9Ss623VQ5DA success
    Program 11111111111111111111111111111111 invoke [3]
    Program 11111111111111111111111111111111 success
    Program log: Initialize the associated token account
    Program TokenkegQfeZyiNwAJbNbGKPFXCWuBvf9Ss623VQ5DA invoke [3]
    Program log: Instruction: InitializeImmutableOwner
    Program log: Please upgrade to SPL Token 2022 for immutable owner support
    Program TokenkegQfeZyiNwAJbNbGKPFXCWuBvf9Ss623VQ5DA consumed 1405 of 167015 compute units
    Program TokenkegQfeZyiNwAJbNbGKPFXCWuBvf9Ss623VQ5DA success
    Program TokenkegQfeZyiNwAJbNbGKPFXCWuBvf9Ss623VQ5DA invoke [3]
    Program log: Instruction: InitializeAccount3
    Program TokenkegQfeZyiNwAJbNbGKPFXCWuBvf9Ss623VQ5DA consumed 4214 of 163133 compute units
    Program TokenkegQfeZyiNwAJbNbGKPFXCWuBvf9Ss623VQ5DA success
    Program ATokenGPvbdGVxr1b2hvZbsiqW5xWH25efTNsLJA8knL consumed 20389 of 179025 compute units
    Program ATokenGPvbdGVxr1b2hvZbsiqW5xWH25efTNsLJA8knL success
    Program BXxqMY3f9y7dzvoQWJjhX95GMEyuRjD61kgfgherhSX7 consumed 46780 of 200000 compute units
    Program BXxqMY3f9y7dzvoQWJjhX95GMEyuRjD61kgfgherhSX7 success
Transaction executed in slot 28:
  Signature: 2Kroew7itA1k1QhCFvzcCWww1HLEmJ7QDjmU8EmxLt9XeFsuE1dTeqNxSJosMLduCWHAdjUq4jnq2w3BsLnpQqq5
  Status: Ok
  Log Messages:
    Program BXxqMY3f9y7dzvoQWJjhX95GMEyuRjD61kgfgherhSX7 invoke [1]
    Program log: Instruction: ConfirmMaster
    Program BXxqMY3f9y7dzvoQWJjhX95GMEyuRjD61kgfgherhSX7 consumed 4021 of 200000 compute units
    Program BXxqMY3f9y7dzvoQWJjhX95GMEyuRjD61kgfgherhSX7 success
Transaction executed in slot 29:
  Signature: 5LMMUf3YKYxaumUgZPnz9XXeJrFRZnbmoQSW5S35hYgjQrdrqUygXgfF2yvEw1FqtZ7yTV4Gi8iPyg8p1a6JysSg
  Status: Ok
  Log Messages:
    Program BXxqMY3f9y7dzvoQWJjhX95GMEyuRjD61kgfgherhSX7 invoke [1]
    Program log: Instruction: ConfirmMaster
    Program BXxqMY3f9y7dzvoQWJjhX95GMEyuRjD61kgfgherhSX7 consumed 3917 of 200000 compute units
    Program BXxqMY3f9y7dzvoQWJjhX95GMEyuRjD61kgfgherhSX7 success
Transaction executed in slot 30:
  Signature: ey4KbNqpi7HTJBFSSYvLi5ZfuhTTtzJSwwYSUPnQ1DDXBDFXLT7zmywXzvvdWWx4yZ9rMXj9YzyGSM61TSoVybT
  Status: Ok
  Log Messages:
    Program BXxqMY3f9y7dzvoQWJjhX95GMEyuRjD61kgfgherhSX7 invoke [1]
    Program log: Instruction: ActivateMaster
    Program BXxqMY3f9y7dzvoQWJjhX95GMEyuRjD61kgfgherhSX7 consumed 4059 of 200000 compute units
    Program BXxqMY3f9y7dzvoQWJjhX95GMEyuRjD61kgfgherhSX7 success
Transaction executed in slot 32:
  Signature: 2tovqACekdeNQ7FtuhWLzMKe71oS84qkwX4oPE8oQfBGU7K5afz1hCG9Sp5x5GNE5TmiyyUkHCRkt65yeZmQY5F1
  Status: Ok
  Log Messages:
    Program BXxqMY3f9y7dzvoQWJjhX95GMEyuRjD61kgfgherhSX7 invoke [1]
    Program log: Instruction: CreateFlightPolicyFromMaster
    Program 11111111111111111111111111111111 invoke [2]
    Program 11111111111111111111111111111111 success
    Program TokenkegQfeZyiNwAJbNbGKPFXCWuBvf9Ss623VQ5DA invoke [2]
    Program log: Instruction: Transfer
    Program TokenkegQfeZyiNwAJbNbGKPFXCWuBvf9Ss623VQ5DA consumed 4645 of 185709 compute units
    Program TokenkegQfeZyiNwAJbNbGKPFXCWuBvf9Ss623VQ5DA success
    Program BXxqMY3f9y7dzvoQWJjhX95GMEyuRjD61kgfgherhSX7 consumed 22459 of 200000 compute units
    Program BXxqMY3f9y7dzvoQWJjhX95GMEyuRjD61kgfgherhSX7 success
Transaction executed in slot 32:
  Signature: 2f9MvXRLxH4yzTTtYcAQRH8wbDtyiDoyyPuKvGg6bBYguHSh4GCfPoQ27McDhZGhWWAvTooAdi1pHWiVyT9u9CsZ
  Status: Ok
  Log Messages:
    Program BXxqMY3f9y7dzvoQWJjhX95GMEyuRjD61kgfgherhSX7 invoke [1]
    Program log: Instruction: ResolveFlightDelay
    Program BXxqMY3f9y7dzvoQWJjhX95GMEyuRjD61kgfgherhSX7 consumed 5000 of 200000 compute units
    Program BXxqMY3f9y7dzvoQWJjhX95GMEyuRjD61kgfgherhSX7 success
Transaction executed in slot 33:
  Signature: 2f9MvXRLxH4yzTTtYcAQRH8wbDtyiDoyyPuKvGg6bBYguHSh4GCfPoQ27McDhZGhWWAvTooAdi1pHWiVyT9u9CsZ
  Status: Ok
  Log Messages:
    Program BXxqMY3f9y7dzvoQWJjhX95GMEyuRjD61kgfgherhSX7 invoke [1]
    Program log: Instruction: ResolveFlightDelay
    Program BXxqMY3f9y7dzvoQWJjhX95GMEyuRjD61kgfgherhSX7 consumed 5000 of 200000 compute units
    Program BXxqMY3f9y7dzvoQWJjhX95GMEyuRjD61kgfgherhSX7 success
Transaction executed in slot 34:
  Signature: p3ACTRC8QUpzzpXFFCavhoTNWSsi2in3YHhc8dQU62wrHKhW5vHRQVSovyeJjRFzYC7P236EMkPgQYrR1QgCqHV
  Status: Ok
  Log Messages:
    Program BXxqMY3f9y7dzvoQWJjhX95GMEyuRjD61kgfgherhSX7 invoke [1]
    Program log: Instruction: SettleFlightNoClaim
    Program TokenkegQfeZyiNwAJbNbGKPFXCWuBvf9Ss623VQ5DA invoke [2]
    Program log: Instruction: Transfer
    Program TokenkegQfeZyiNwAJbNbGKPFXCWuBvf9Ss623VQ5DA consumed 4645 of 191462 compute units
    Program TokenkegQfeZyiNwAJbNbGKPFXCWuBvf9Ss623VQ5DA success
    Program TokenkegQfeZyiNwAJbNbGKPFXCWuBvf9Ss623VQ5DA invoke [2]
    Program log: Instruction: Transfer
    Program TokenkegQfeZyiNwAJbNbGKPFXCWuBvf9Ss623VQ5DA consumed 4645 of 184030 compute units
    Program TokenkegQfeZyiNwAJbNbGKPFXCWuBvf9Ss623VQ5DA success
    Program TokenkegQfeZyiNwAJbNbGKPFXCWuBvf9Ss623VQ5DA invoke [2]
    Program log: Instruction: Transfer
    Program TokenkegQfeZyiNwAJbNbGKPFXCWuBvf9Ss623VQ5DA consumed 4645 of 176625 compute units
    Program TokenkegQfeZyiNwAJbNbGKPFXCWuBvf9Ss623VQ5DA success
    Program BXxqMY3f9y7dzvoQWJjhX95GMEyuRjD61kgfgherhSX7 consumed 29733 of 200000 compute units
    Program BXxqMY3f9y7dzvoQWJjhX95GMEyuRjD61kgfgherhSX7 success
Transaction executed in slot 34:
  Signature: 5puURHqwsP9TxsHtnWtgu9UgCuCJtyPTgaY3Whmmr8LghTbYyamBuiPt2gEwPS6FutCs1epXre6eztpm2LqiqL5j
  Status: Ok
  Log Messages:
    Program BXxqMY3f9y7dzvoQWJjhX95GMEyuRjD61kgfgherhSX7 invoke [1]
    Program log: Instruction: CreateMasterPolicy
    Program 11111111111111111111111111111111 invoke [2]
    Program 11111111111111111111111111111111 success
    Program 11111111111111111111111111111111 invoke [2]
    Program 11111111111111111111111111111111 success
    Program TokenkegQfeZyiNwAJbNbGKPFXCWuBvf9Ss623VQ5DA invoke [2]
    Program log: Instruction: InitializeAccount3
    Program TokenkegQfeZyiNwAJbNbGKPFXCWuBvf9Ss623VQ5DA consumed 4214 of 177188 compute units
    Program TokenkegQfeZyiNwAJbNbGKPFXCWuBvf9Ss623VQ5DA success
    Program 11111111111111111111111111111111 invoke [2]
    Program 11111111111111111111111111111111 success
    Program TokenkegQfeZyiNwAJbNbGKPFXCWuBvf9Ss623VQ5DA invoke [2]
    Program log: Instruction: InitializeAccount3
    Program TokenkegQfeZyiNwAJbNbGKPFXCWuBvf9Ss623VQ5DA consumed 4214 of 165156 compute units
    Program TokenkegQfeZyiNwAJbNbGKPFXCWuBvf9Ss623VQ5DA success
    Program BXxqMY3f9y7dzvoQWJjhX95GMEyuRjD61kgfgherhSX7 consumed 46223 of 200000 compute units
    Program BXxqMY3f9y7dzvoQWJjhX95GMEyuRjD61kgfgherhSX7 success
Transaction executed in slot 35:
  Signature: 5puURHqwsP9TxsHtnWtgu9UgCuCJtyPTgaY3Whmmr8LghTbYyamBuiPt2gEwPS6FutCs1epXre6eztpm2LqiqL5j
  Status: Ok
  Log Messages:
    Program BXxqMY3f9y7dzvoQWJjhX95GMEyuRjD61kgfgherhSX7 invoke [1]
    Program log: Instruction: CreateMasterPolicy
    Program 11111111111111111111111111111111 invoke [2]
    Program 11111111111111111111111111111111 success
    Program 11111111111111111111111111111111 invoke [2]
    Program 11111111111111111111111111111111 success
    Program TokenkegQfeZyiNwAJbNbGKPFXCWuBvf9Ss623VQ5DA invoke [2]
    Program log: Instruction: InitializeAccount3
    Program TokenkegQfeZyiNwAJbNbGKPFXCWuBvf9Ss623VQ5DA consumed 4214 of 177188 compute units
    Program TokenkegQfeZyiNwAJbNbGKPFXCWuBvf9Ss623VQ5DA success
    Program 11111111111111111111111111111111 invoke [2]
    Program 11111111111111111111111111111111 success
    Program TokenkegQfeZyiNwAJbNbGKPFXCWuBvf9Ss623VQ5DA invoke [2]
    Program log: Instruction: InitializeAccount3
    Program TokenkegQfeZyiNwAJbNbGKPFXCWuBvf9Ss623VQ5DA consumed 4214 of 165156 compute units
    Program TokenkegQfeZyiNwAJbNbGKPFXCWuBvf9Ss623VQ5DA success
    Program BXxqMY3f9y7dzvoQWJjhX95GMEyuRjD61kgfgherhSX7 consumed 46223 of 200000 compute units
    Program BXxqMY3f9y7dzvoQWJjhX95GMEyuRjD61kgfgherhSX7 success
Transaction executed in slot 36:
  Signature: S1xv9CCatTzPx87HbQDPfjrDKzf1RRi1WAB4wwzkV7Ud55RDfbj5oaDZGDp2aoWDAu7EY7tGzMmXDXsqxnqcPW3
  Status: Ok
  Log Messages:
    Program BXxqMY3f9y7dzvoQWJjhX95GMEyuRjD61kgfgherhSX7 invoke [1]
    Program log: Instruction: RegisterParticipantWallets
    Program 11111111111111111111111111111111 invoke [2]
    Program 11111111111111111111111111111111 success
    Program TokenkegQfeZyiNwAJbNbGKPFXCWuBvf9Ss623VQ5DA invoke [2]
    Program log: Instruction: InitializeAccount3
    Program TokenkegQfeZyiNwAJbNbGKPFXCWuBvf9Ss623VQ5DA consumed 4214 of 187887 compute units
    Program TokenkegQfeZyiNwAJbNbGKPFXCWuBvf9Ss623VQ5DA success
    Program BXxqMY3f9y7dzvoQWJjhX95GMEyuRjD61kgfgherhSX7 consumed 22839 of 200000 compute units
    Program BXxqMY3f9y7dzvoQWJjhX95GMEyuRjD61kgfgherhSX7 success
Transaction executed in slot 37:
  Signature: p7U1QbQLyXGzu6vMy43HCYsTFbmSoGX3uwWWX4bYDVbYwjeALqrqPeXYWVpUCZwUWEWMpicp8MiXG75LGTvWuFy
  Status: Ok
  Log Messages:
    Program BXxqMY3f9y7dzvoQWJjhX95GMEyuRjD61kgfgherhSX7 invoke [1]
    Program log: Instruction: RegisterParticipantWallets
    Program 11111111111111111111111111111111 invoke [2]
    Program 11111111111111111111111111111111 success
    Program TokenkegQfeZyiNwAJbNbGKPFXCWuBvf9Ss623VQ5DA invoke [2]
    Program log: Instruction: InitializeAccount3
    Program TokenkegQfeZyiNwAJbNbGKPFXCWuBvf9Ss623VQ5DA consumed 4214 of 187887 compute units
    Program TokenkegQfeZyiNwAJbNbGKPFXCWuBvf9Ss623VQ5DA success
    Program BXxqMY3f9y7dzvoQWJjhX95GMEyuRjD61kgfgherhSX7 consumed 22880 of 200000 compute units
    Program BXxqMY3f9y7dzvoQWJjhX95GMEyuRjD61kgfgherhSX7 success
Transaction executed in slot 37:
  Signature: 3ojPYq8FqPTpHEomj67yjJsPyVwHgKjP9HBa4WMSq2Sqs5GXcH3hoAnGV1awQ8trP1qLap4YmtznsChf1wPfaqC8
  Status: Ok
  Log Messages:
    Program BXxqMY3f9y7dzvoQWJjhX95GMEyuRjD61kgfgherhSX7 invoke [1]
    Program log: Instruction: ConfirmMaster
    Program BXxqMY3f9y7dzvoQWJjhX95GMEyuRjD61kgfgherhSX7 consumed 4021 of 200000 compute units
    Program BXxqMY3f9y7dzvoQWJjhX95GMEyuRjD61kgfgherhSX7 success
Transaction executed in slot 38:
  Signature: 3ojPYq8FqPTpHEomj67yjJsPyVwHgKjP9HBa4WMSq2Sqs5GXcH3hoAnGV1awQ8trP1qLap4YmtznsChf1wPfaqC8
  Status: Ok
  Log Messages:
    Program BXxqMY3f9y7dzvoQWJjhX95GMEyuRjD61kgfgherhSX7 invoke [1]
    Program log: Instruction: ConfirmMaster
    Program BXxqMY3f9y7dzvoQWJjhX95GMEyuRjD61kgfgherhSX7 consumed 4021 of 200000 compute units
    Program BXxqMY3f9y7dzvoQWJjhX95GMEyuRjD61kgfgherhSX7 success
Transaction executed in slot 39:
  Signature: 4JFDRVSdRo1erNq8AF6ESCot7ZJUsN6J7Xp4cTZTYBSwLS13vLAdPY7XP57x1G1DmURrog5QaST6zM8grtXtGMMf
  Status: Ok
  Log Messages:
    Program BXxqMY3f9y7dzvoQWJjhX95GMEyuRjD61kgfgherhSX7 invoke [1]
    Program log: Instruction: ConfirmMaster
    Program BXxqMY3f9y7dzvoQWJjhX95GMEyuRjD61kgfgherhSX7 consumed 3917 of 200000 compute units
    Program BXxqMY3f9y7dzvoQWJjhX95GMEyuRjD61kgfgherhSX7 success
Transaction executed in slot 39:
  Signature: 2bzVrWq7dR3P6uDpy8e5m64gsNvpE1jDmhtcUPKgJPsvVBazyw4DNWiBGAgVLpnoeYw5UMCuwfCmUd5YsrNRZn4f
  Status: Ok
  Log Messages:
    Program BXxqMY3f9y7dzvoQWJjhX95GMEyuRjD61kgfgherhSX7 invoke [1]
    Program log: Instruction: ActivateMaster
    Program BXxqMY3f9y7dzvoQWJjhX95GMEyuRjD61kgfgherhSX7 consumed 4059 of 200000 compute units
    Program BXxqMY3f9y7dzvoQWJjhX95GMEyuRjD61kgfgherhSX7 success
Transaction executed in slot 40:
  Signature: 2bzVrWq7dR3P6uDpy8e5m64gsNvpE1jDmhtcUPKgJPsvVBazyw4DNWiBGAgVLpnoeYw5UMCuwfCmUd5YsrNRZn4f
  Status: Ok
  Log Messages:
    Program BXxqMY3f9y7dzvoQWJjhX95GMEyuRjD61kgfgherhSX7 invoke [1]
    Program log: Instruction: ActivateMaster
    Program BXxqMY3f9y7dzvoQWJjhX95GMEyuRjD61kgfgherhSX7 consumed 4059 of 200000 compute units
    Program BXxqMY3f9y7dzvoQWJjhX95GMEyuRjD61kgfgherhSX7 success
Transaction executed in slot 42:
  Signature: 4Mx6KSDJ7cx7NPUih1ozQo7HVQnxSiBPwLHRnDotqbjQi4DHy4g4sPocCAMyb67d1zzfdom71tpMaNWKmLVpoEXD
  Status: Ok
  Log Messages:
    Program BXxqMY3f9y7dzvoQWJjhX95GMEyuRjD61kgfgherhSX7 invoke [1]
    Program log: Instruction: CreateFlightPolicyFromMaster
    Program 11111111111111111111111111111111 invoke [2]
    Program 11111111111111111111111111111111 success
    Program TokenkegQfeZyiNwAJbNbGKPFXCWuBvf9Ss623VQ5DA invoke [2]
    Program log: Instruction: Transfer
    Program TokenkegQfeZyiNwAJbNbGKPFXCWuBvf9Ss623VQ5DA consumed 4645 of 182709 compute units
    Program TokenkegQfeZyiNwAJbNbGKPFXCWuBvf9Ss623VQ5DA success
    Program BXxqMY3f9y7dzvoQWJjhX95GMEyuRjD61kgfgherhSX7 consumed 25459 of 200000 compute units
    Program BXxqMY3f9y7dzvoQWJjhX95GMEyuRjD61kgfgherhSX7 success
Transaction executed in slot 47:
  Signature: 2Pazw8mnA1ndWCBiya7tgVetxRuhr6MAfEkwuZDvPezxqAstjwBonTCiLYSR8uVFYACYotazKA9v1oUBi3NMkgsa
  Status: Ok
  Log Messages:
    Program BXxqMY3f9y7dzvoQWJjhX95GMEyuRjD61kgfgherhSX7 invoke [1]
    Program log: Instruction: ResolveFlightDelay
    Program BXxqMY3f9y7dzvoQWJjhX95GMEyuRjD61kgfgherhSX7 consumed 5000 of 200000 compute units
    Program BXxqMY3f9y7dzvoQWJjhX95GMEyuRjD61kgfgherhSX7 success
Transaction executed in slot 49:
  Signature: BcEcg6EnV7DTGsM5isRVknjdSYMcaSHH2WfDvf56fcH91MyLLh1MfDRjhcXPto92wS98XZJTiYU3u4rbGo4gC49
  Status: Ok
  Log Messages:
    Program BXxqMY3f9y7dzvoQWJjhX95GMEyuRjD61kgfgherhSX7 invoke [1]
    Program log: Instruction: CreateFlightPolicyFromMaster
    Program 11111111111111111111111111111111 invoke [2]
    Program 11111111111111111111111111111111 success
    Program TokenkegQfeZyiNwAJbNbGKPFXCWuBvf9Ss623VQ5DA invoke [2]
    Program log: Instruction: Transfer
    Program TokenkegQfeZyiNwAJbNbGKPFXCWuBvf9Ss623VQ5DA consumed 4645 of 185709 compute units
    Program TokenkegQfeZyiNwAJbNbGKPFXCWuBvf9Ss623VQ5DA success
    Program BXxqMY3f9y7dzvoQWJjhX95GMEyuRjD61kgfgherhSX7 consumed 22459 of 200000 compute units
    Program BXxqMY3f9y7dzvoQWJjhX95GMEyuRjD61kgfgherhSX7 success
Transaction executed in slot 49:
  Signature: 4Yu6cib2iCcaBoLPafY3vUi9ttSrnLrD1UJnpzM6CdwMLfbSM6GuJkpEYzqAow1PF9cKxw7RxDQ5BCexJHNJvoer
  Status: Ok
  Log Messages:
    Program BXxqMY3f9y7dzvoQWJjhX95GMEyuRjD61kgfgherhSX7 invoke [1]
    Program log: Instruction: ResolveFlightDelay
    Program BXxqMY3f9y7dzvoQWJjhX95GMEyuRjD61kgfgherhSX7 consumed 4990 of 200000 compute units
    Program BXxqMY3f9y7dzvoQWJjhX95GMEyuRjD61kgfgherhSX7 success
Transaction executed in slot 50:
  Signature: 4Yu6cib2iCcaBoLPafY3vUi9ttSrnLrD1UJnpzM6CdwMLfbSM6GuJkpEYzqAow1PF9cKxw7RxDQ5BCexJHNJvoer
  Status: Ok
  Log Messages:
    Program BXxqMY3f9y7dzvoQWJjhX95GMEyuRjD61kgfgherhSX7 invoke [1]
    Program log: Instruction: ResolveFlightDelay
    Program BXxqMY3f9y7dzvoQWJjhX95GMEyuRjD61kgfgherhSX7 consumed 4990 of 200000 compute units
    Program BXxqMY3f9y7dzvoQWJjhX95GMEyuRjD61kgfgherhSX7 success
Transaction executed in slot 51:
  Signature: 5xC3ydqC4DLVgDHJEoUnXKXtKyThdC45AreXG2MxMiYiokw7GTXZZZoE7rZ6sAQ5avAFU9K4fdJqDe9QnDgwUFt9
  Status: Ok
  Log Messages:
    Program BXxqMY3f9y7dzvoQWJjhX95GMEyuRjD61kgfgherhSX7 invoke [1]
    Program log: Instruction: SettleFlightClaim
    Program TokenkegQfeZyiNwAJbNbGKPFXCWuBvf9Ss623VQ5DA invoke [2]
    Program log: Instruction: Transfer
    Program TokenkegQfeZyiNwAJbNbGKPFXCWuBvf9Ss623VQ5DA consumed 4645 of 191467 compute units
    Program TokenkegQfeZyiNwAJbNbGKPFXCWuBvf9Ss623VQ5DA success
    Program TokenkegQfeZyiNwAJbNbGKPFXCWuBvf9Ss623VQ5DA invoke [2]
    Program log: Instruction: Transfer
    Program TokenkegQfeZyiNwAJbNbGKPFXCWuBvf9Ss623VQ5DA consumed 4645 of 183996 compute units
    Program TokenkegQfeZyiNwAJbNbGKPFXCWuBvf9Ss623VQ5DA success
    Program TokenkegQfeZyiNwAJbNbGKPFXCWuBvf9Ss623VQ5DA invoke [2]
    Program log: Instruction: Transfer
    Program TokenkegQfeZyiNwAJbNbGKPFXCWuBvf9Ss623VQ5DA consumed 4645 of 176554 compute units
    Program TokenkegQfeZyiNwAJbNbGKPFXCWuBvf9Ss623VQ5DA success
    Program BXxqMY3f9y7dzvoQWJjhX95GMEyuRjD61kgfgherhSX7 consumed 29805 of 200000 compute units
    Program BXxqMY3f9y7dzvoQWJjhX95GMEyuRjD61kgfgherhSX7 success
Transaction executed in slot 52:
  Signature: 4A1Feo357qctgY6GDeFNKuKuq3rAXExDb735i25pz5Swm31zDgndAi3RQbKDyAW6wxxRwoZkKDEbWNd6YoiwvXGZ
  Status: Ok
  Log Messages:
    Program BXxqMY3f9y7dzvoQWJjhX95GMEyuRjD61kgfgherhSX7 invoke [1]
    Program log: Instruction: CreatePolicy
    Program 11111111111111111111111111111111 invoke [2]
    Program 11111111111111111111111111111111 success
    Program 11111111111111111111111111111111 invoke [2]
    Program 11111111111111111111111111111111 success
    Program 11111111111111111111111111111111 invoke [2]
    Program 11111111111111111111111111111111 success
    Program 11111111111111111111111111111111 invoke [2]
    Program 11111111111111111111111111111111 success
    Program ATokenGPvbdGVxr1b2hvZbsiqW5xWH25efTNsLJA8knL invoke [2]
    Program log: Create
    Program TokenkegQfeZyiNwAJbNbGKPFXCWuBvf9Ss623VQ5DA invoke [3]
    Program log: Instruction: GetAccountDataSize
    Program TokenkegQfeZyiNwAJbNbGKPFXCWuBvf9Ss623VQ5DA consumed 1595 of 152774 compute units
    Program return: TokenkegQfeZyiNwAJbNbGKPFXCWuBvf9Ss623VQ5DA pQAAAAAAAAA=
    Program TokenkegQfeZyiNwAJbNbGKPFXCWuBvf9Ss623VQ5DA success
    Program 11111111111111111111111111111111 invoke [3]
    Program 11111111111111111111111111111111 success
    Program log: Initialize the associated token account
    Program TokenkegQfeZyiNwAJbNbGKPFXCWuBvf9Ss623VQ5DA invoke [3]
    Program log: Instruction: InitializeImmutableOwner
    Program log: Please upgrade to SPL Token 2022 for immutable owner support
    Program TokenkegQfeZyiNwAJbNbGKPFXCWuBvf9Ss623VQ5DA consumed 1405 of 146161 compute units
    Program TokenkegQfeZyiNwAJbNbGKPFXCWuBvf9Ss623VQ5DA success
    Program TokenkegQfeZyiNwAJbNbGKPFXCWuBvf9Ss623VQ5DA invoke [3]
    Program log: Instruction: InitializeAccount3
    Program TokenkegQfeZyiNwAJbNbGKPFXCWuBvf9Ss623VQ5DA consumed 4214 of 142277 compute units
    Program TokenkegQfeZyiNwAJbNbGKPFXCWuBvf9Ss623VQ5DA success
    Program ATokenGPvbdGVxr1b2hvZbsiqW5xWH25efTNsLJA8knL consumed 21990 of 159749 compute units
    Program ATokenGPvbdGVxr1b2hvZbsiqW5xWH25efTNsLJA8knL success
    Program BXxqMY3f9y7dzvoQWJjhX95GMEyuRjD61kgfgherhSX7 consumed 67083 of 200000 compute units
    Program BXxqMY3f9y7dzvoQWJjhX95GMEyuRjD61kgfgherhSX7 success
Transaction executed in slot 52:
  Signature: HqswjC3uwDZE315GwkUbiRA8nTSG3FgWKNpPL7hirgYTBnXTQtrB6WDWD2UaquxhjstetAyMh9uZpVTcSwz9e3B
  Status: Error processing Instruction 0: custom program error: 0x7d1
  Log Messages:
    Program BXxqMY3f9y7dzvoQWJjhX95GMEyuRjD61kgfgherhSX7 invoke [1]
    Program log: Instruction: OpenUnderwriting
    Program log: AnchorError caused by account: policy. Error Code: ConstraintHasOne. Error Number: 2001. Error Message: A has one constraint was violated.
    Program log: Left:
    Program log: 4GWzoLHfSGjcrBzqRnLJMwG46oV8V3uKjSu7t8A2ZELh
    Program log: Right:
    Program log: 5Moh68ZcqdGYdR9YArnfByvsJ5AtzcueB4ANgX68TxMk
    Program BXxqMY3f9y7dzvoQWJjhX95GMEyuRjD61kgfgherhSX7 consumed 4679 of 200000 compute units
    Program BXxqMY3f9y7dzvoQWJjhX95GMEyuRjD61kgfgherhSX7 failed: custom program error: 0x7d1
Transaction executed in slot 52:
  Signature: 5HDNajjLTYZgfnKhmZUprbX2MgdrfGe3rsvpF4Yf9YoftpagZKFA3idCNDAMiZnMDzqEuaUkp5jWPVuhjBjpkibe
  Status: Ok
  Log Messages:
    Program BXxqMY3f9y7dzvoQWJjhX95GMEyuRjD61kgfgherhSX7 invoke [1]
    Program log: Instruction: CreatePolicy
    Program 11111111111111111111111111111111 invoke [2]
    Program 11111111111111111111111111111111 success
    Program 11111111111111111111111111111111 invoke [2]
    Program 11111111111111111111111111111111 success
    Program 11111111111111111111111111111111 invoke [2]
    Program 11111111111111111111111111111111 success
    Program 11111111111111111111111111111111 invoke [2]
    Program 11111111111111111111111111111111 success
    Program ATokenGPvbdGVxr1b2hvZbsiqW5xWH25efTNsLJA8knL invoke [2]
    Program log: Create
    Program TokenkegQfeZyiNwAJbNbGKPFXCWuBvf9Ss623VQ5DA invoke [3]
    Program log: Instruction: GetAccountDataSize
    Program TokenkegQfeZyiNwAJbNbGKPFXCWuBvf9Ss623VQ5DA consumed 1595 of 155633 compute units
    Program return: TokenkegQfeZyiNwAJbNbGKPFXCWuBvf9Ss623VQ5DA pQAAAAAAAAA=
    Program TokenkegQfeZyiNwAJbNbGKPFXCWuBvf9Ss623VQ5DA success
    Program 11111111111111111111111111111111 invoke [3]
    Program 11111111111111111111111111111111 success
    Program log: Initialize the associated token account
    Program TokenkegQfeZyiNwAJbNbGKPFXCWuBvf9Ss623VQ5DA invoke [3]
    Program log: Instruction: InitializeImmutableOwner
    Program log: Please upgrade to SPL Token 2022 for immutable owner support
    Program TokenkegQfeZyiNwAJbNbGKPFXCWuBvf9Ss623VQ5DA consumed 1405 of 149020 compute units
    Program TokenkegQfeZyiNwAJbNbGKPFXCWuBvf9Ss623VQ5DA success
    Program TokenkegQfeZyiNwAJbNbGKPFXCWuBvf9Ss623VQ5DA invoke [3]
    Program log: Instruction: InitializeAccount3
    Program TokenkegQfeZyiNwAJbNbGKPFXCWuBvf9Ss623VQ5DA consumed 4214 of 145136 compute units
    Program TokenkegQfeZyiNwAJbNbGKPFXCWuBvf9Ss623VQ5DA success
    Program ATokenGPvbdGVxr1b2hvZbsiqW5xWH25efTNsLJA8knL consumed 20490 of 161108 compute units
    Program ATokenGPvbdGVxr1b2hvZbsiqW5xWH25efTNsLJA8knL success
    Program BXxqMY3f9y7dzvoQWJjhX95GMEyuRjD61kgfgherhSX7 consumed 64537 of 200000 compute units
    Program BXxqMY3f9y7dzvoQWJjhX95GMEyuRjD61kgfgherhSX7 success
Transaction executed in slot 53:
  Signature: 5HDNajjLTYZgfnKhmZUprbX2MgdrfGe3rsvpF4Yf9YoftpagZKFA3idCNDAMiZnMDzqEuaUkp5jWPVuhjBjpkibe
  Status: Ok
  Log Messages:
    Program BXxqMY3f9y7dzvoQWJjhX95GMEyuRjD61kgfgherhSX7 invoke [1]
    Program log: Instruction: CreatePolicy
    Program 11111111111111111111111111111111 invoke [2]
    Program 11111111111111111111111111111111 success
    Program 11111111111111111111111111111111 invoke [2]
    Program 11111111111111111111111111111111 success
    Program 11111111111111111111111111111111 invoke [2]
    Program 11111111111111111111111111111111 success
    Program 11111111111111111111111111111111 invoke [2]
    Program 11111111111111111111111111111111 success
    Program ATokenGPvbdGVxr1b2hvZbsiqW5xWH25efTNsLJA8knL invoke [2]
    Program log: Create
    Program TokenkegQfeZyiNwAJbNbGKPFXCWuBvf9Ss623VQ5DA invoke [3]
    Program log: Instruction: GetAccountDataSize
    Program TokenkegQfeZyiNwAJbNbGKPFXCWuBvf9Ss623VQ5DA consumed 1595 of 155633 compute units
    Program return: TokenkegQfeZyiNwAJbNbGKPFXCWuBvf9Ss623VQ5DA pQAAAAAAAAA=
    Program TokenkegQfeZyiNwAJbNbGKPFXCWuBvf9Ss623VQ5DA success
    Program 11111111111111111111111111111111 invoke [3]
    Program 11111111111111111111111111111111 success
    Program log: Initialize the associated token account
    Program TokenkegQfeZyiNwAJbNbGKPFXCWuBvf9Ss623VQ5DA invoke [3]
    Program log: Instruction: InitializeImmutableOwner
    Program log: Please upgrade to SPL Token 2022 for immutable owner support
    Program TokenkegQfeZyiNwAJbNbGKPFXCWuBvf9Ss623VQ5DA consumed 1405 of 149020 compute units
    Program TokenkegQfeZyiNwAJbNbGKPFXCWuBvf9Ss623VQ5DA success
    Program TokenkegQfeZyiNwAJbNbGKPFXCWuBvf9Ss623VQ5DA invoke [3]
    Program log: Instruction: InitializeAccount3
    Program TokenkegQfeZyiNwAJbNbGKPFXCWuBvf9Ss623VQ5DA consumed 4214 of 145136 compute units
    Program TokenkegQfeZyiNwAJbNbGKPFXCWuBvf9Ss623VQ5DA success
    Program ATokenGPvbdGVxr1b2hvZbsiqW5xWH25efTNsLJA8knL consumed 20490 of 161108 compute units
    Program ATokenGPvbdGVxr1b2hvZbsiqW5xWH25efTNsLJA8knL success
    Program BXxqMY3f9y7dzvoQWJjhX95GMEyuRjD61kgfgherhSX7 consumed 64537 of 200000 compute units
    Program BXxqMY3f9y7dzvoQWJjhX95GMEyuRjD61kgfgherhSX7 success
Transaction executed in slot 54:
  Signature: 2yjir7TL578kpAsJ2AGMydHXDyF8DJqojyHPMk9q7EBnHu5nsAfbkkBRSRoZuEszeaNRDkJaTLmw8kwUMXArLepA
  Status: Ok
  Log Messages:
    Program BXxqMY3f9y7dzvoQWJjhX95GMEyuRjD61kgfgherhSX7 invoke [1]
    Program log: Instruction: OpenUnderwriting
    Program BXxqMY3f9y7dzvoQWJjhX95GMEyuRjD61kgfgherhSX7 consumed 6801 of 200000 compute units
    Program BXxqMY3f9y7dzvoQWJjhX95GMEyuRjD61kgfgherhSX7 success
Transaction executed in slot 54:
  Signature: 3gwEikNCniRYqmzAPpP9gSTi8i8qXu1aF7fvwEMYc6qzqrpvKm2TGWEuiZcxm3LtvnT7Ew1jPrXwPaAHJGUMgcRn
  Status: Error processing Instruction 0: custom program error: 0x1775
  Log Messages:
    Program BXxqMY3f9y7dzvoQWJjhX95GMEyuRjD61kgfgherhSX7 invoke [1]
    Program log: Instruction: AcceptShare
    Program log: AnchorError thrown in programs/open_parametric/src/instructions/accept_share.rs:53. Error Code: InsufficientEscrow. Error Number: 6005. Error Message: Insufficient escrow.
    Program BXxqMY3f9y7dzvoQWJjhX95GMEyuRjD61kgfgherhSX7 consumed 10697 of 200000 compute units
    Program BXxqMY3f9y7dzvoQWJjhX95GMEyuRjD61kgfgherhSX7 failed: custom program error: 0x1775
Transaction executed in slot 55:
  Signature: mJotoocLZ1JNuBiUxV592Y6ppMqRinN4EQJfX8P98sqXEZAJwrxiNR6SUM3T9uYKLzJEfCQELw1u2eYZN1CPcDC
  Status: Ok
  Log Messages:
    Program BXxqMY3f9y7dzvoQWJjhX95GMEyuRjD61kgfgherhSX7 invoke [1]
    Program log: Instruction: CreateMasterPolicy
    Program 11111111111111111111111111111111 invoke [2]
    Program 11111111111111111111111111111111 success
    Program 11111111111111111111111111111111 invoke [2]
    Program 11111111111111111111111111111111 success
    Program TokenkegQfeZyiNwAJbNbGKPFXCWuBvf9Ss623VQ5DA invoke [2]
    Program log: Instruction: InitializeAccount3
    Program TokenkegQfeZyiNwAJbNbGKPFXCWuBvf9Ss623VQ5DA consumed 4214 of 178688 compute units
    Program TokenkegQfeZyiNwAJbNbGKPFXCWuBvf9Ss623VQ5DA success
    Program 11111111111111111111111111111111 invoke [2]
    Program 11111111111111111111111111111111 success
    Program TokenkegQfeZyiNwAJbNbGKPFXCWuBvf9Ss623VQ5DA invoke [2]
    Program log: Instruction: InitializeAccount3
    Program TokenkegQfeZyiNwAJbNbGKPFXCWuBvf9Ss623VQ5DA consumed 4214 of 156156 compute units
    Program TokenkegQfeZyiNwAJbNbGKPFXCWuBvf9Ss623VQ5DA success
    Program BXxqMY3f9y7dzvoQWJjhX95GMEyuRjD61kgfgherhSX7 consumed 55223 of 200000 compute units
    Program BXxqMY3f9y7dzvoQWJjhX95GMEyuRjD61kgfgherhSX7 success
